#
# There is insufficient memory for the Java Runtime Environment to continue.
# Native memory allocation (malloc) failed to allocate 101600 bytes for Chunk::new
# Possible reasons:
#   The system is out of physical RAM or swap space
#   The process is running with CompressedOops enabled, and the Java Heap may be blocking the growth of the native heap
# Possible solutions:
#   Reduce memory load on the system
#   Increase physical memory or swap space
#   Check if swap backing store is full
#   Decrease Java heap size (-Xmx/-Xms)
#   Decrease number of Java threads
#   Decrease Java thread stack sizes (-Xss)
#   Set larger code cache with -XX:ReservedCodeCacheSize=
#   JVM is running with Unscaled Compressed Oops mode in which the Java heap is
#     placed in the first 4GB address space. The Java Heap base address is the
#     maximum limit for the native heap growth. Please use -XX:HeapBaseMinAddress
#     to set the Java Heap base and to place the Java Heap above 4GB virtual address.
# This output file may be truncated or incomplete.
#
#  Out of Memory Error (allocation.cpp:389), pid=16968, tid=0x00000000000014f0
#
# JRE version: OpenJDK Runtime Environment (8.0_242-b01) (build 1.8.0_242-release-1644-b01)
# Java VM: OpenJDK 64-Bit Server VM (25.242-b01 mixed mode windows-amd64 compressed oops)
# Failed to write core dump. Minidumps are not enabled by default on client versions of Windows
#

---------------  T H R E A D  ---------------

Current thread (0x000000001627e800):  JavaThread "C2 CompilerThread1" daemon [_thread_in_native, id=5360, stack(0x0000000017c80000,0x0000000017d80000)]

Stack: [0x0000000017c80000,0x0000000017d80000]
[error occurred during error reporting (printing stack bounds), id 0xc0000005]

Native frames: (J=compiled Java code, j=interpreted, Vv=VM code, C=native code)


Current CompileTask:
C2: 290759 32545       4       com.android.tools.r8.com.google.gson.stream.JsonWriter::string (171 bytes)


---------------  P R O C E S S  ---------------

Java Threads: ( => current thread )
  0x000000001b119800 JavaThread "ForkJoinPool.commonPool-worker-3" daemon [_thread_blocked, id=16832, stack(0x0000000025c60000,0x0000000025d60000)]
  0x000000001b11c000 JavaThread "ForkJoinPool.commonPool-worker-2" daemon [_thread_blocked, id=584, stack(0x0000000025b60000,0x0000000025c60000)]
  0x000000001b11b000 JavaThread "ForkJoinPool.commonPool-worker-1" daemon [_thread_blocked, id=2440, stack(0x0000000025a60000,0x0000000025b60000)]
  0x000000001f730000 JavaThread "Cache worker for Java compile cache (E:\android\popular_options\.gradle\5.1.1\javaCompile)" [_thread_blocked, id=15828, stack(0x0000000031770000,0x0000000031870000)]
  0x000000001f734800 JavaThread "Cache worker for Java compile cache (C:\Users\Admin\.gradle\caches\5.1.1\javaCompile)" [_thread_blocked, id=16020, stack(0x0000000024620000,0x0000000024720000)]
  0x000000001f733000 JavaThread "Cache worker for execution history cache (E:\android\popular_options\.gradle\5.1.1\executionHistory)" [_thread_blocked, id=10876, stack(0x0000000024520000,0x0000000024620000)]
  0x000000001f72f800 JavaThread "Execution worker for ':' Thread 3" [_thread_blocked, id=15248, stack(0x000000002a7b0000,0x000000002a8b0000)]
  0x000000001f736000 JavaThread "Execution worker for ':' Thread 2" [_thread_blocked, id=8880, stack(0x0000000024b20000,0x0000000024c20000)]
  0x000000001bb95000 JavaThread "Execution worker for ':'" [_thread_blocked, id=16012, stack(0x0000000024220000,0x0000000024320000)]
  0x000000001bb96000 JavaThread "Cache worker for file content cache (E:\android\popular_options\.gradle\5.1.1\fileContent)" [_thread_blocked, id=9212, stack(0x0000000021220000,0x0000000021320000)]
  0x000000001bb97800 JavaThread "Cache worker for Build Output Cleanup Cache (E:\android\popular_options\.gradle\buildOutputCleanup)" [_thread_blocked, id=9596, stack(0x0000000021120000,0x0000000021220000)]
  0x000000001bb8d800 JavaThread "Build operations Thread 4" [_thread_blocked, id=5056, stack(0x0000000021020000,0x0000000021120000)]
  0x000000001bb94800 JavaThread "Build operations Thread 3" [_thread_blocked, id=13296, stack(0x00000000205c0000,0x00000000206c0000)]
  0x000000001bb8a800 JavaThread "Build operations Thread 2" [_thread_blocked, id=17252, stack(0x000000001e4c0000,0x000000001e5c0000)]
  0x000000001bb8c000 JavaThread "Build operations" [_thread_blocked, id=3680, stack(0x000000001c9f0000,0x000000001caf0000)]
  0x000000001bb8f000 JavaThread "Cache worker for cache directory md-rule (C:\Users\Admin\.gradle\caches\5.1.1\md-rule)" [_thread_blocked, id=12328, stack(0x000000001a450000,0x000000001a550000)]
  0x000000001ec19000 JavaThread "Cache worker for cache directory md-supplier (C:\Users\Admin\.gradle\caches\5.1.1\md-supplier)" [_thread_blocked, id=10212, stack(0x000000001a350000,0x000000001a450000)]
  0x000000001ec18000 JavaThread "Cache worker for file hash cache (E:\android\popular_options\.gradle\5.1.1\fileHashes)" [_thread_blocked, id=10280, stack(0x000000001a250000,0x000000001a350000)]
  0x000000001ec16800 JavaThread "Thread-33" [_thread_blocked, id=14748, stack(0x000000001a150000,0x000000001a250000)]
  0x000000001ec0e800 JavaThread "Stdin handler" [_thread_blocked, id=15460, stack(0x000000001a050000,0x000000001a150000)]
  0x000000001ec15000 JavaThread "Asynchronous log dispatcher for DefaultDaemonConnection: socket connection from /127.0.0.1:60302 to /127.0.0.1:60534" [_thread_blocked, id=15336, stack(0x0000000019d50000,0x0000000019e50000)]
  0x000000001ec14800 JavaThread "Daemon worker Thread 2" [_thread_blocked, id=9588, stack(0x0000000019c50000,0x0000000019d50000)]
  0x000000001ec0d000 JavaThread "Cancel handler" [_thread_blocked, id=16848, stack(0x00000000025b0000,0x00000000026b0000)]
  0x000000001ec0c000 JavaThread "Handler for socket connection from /127.0.0.1:60302 to /127.0.0.1:60534" [_thread_in_native, id=1088, stack(0x0000000000b10000,0x0000000000c10000)]
  0x000000001ec10000 JavaThread "Daemon Thread 2" [_thread_blocked, id=14828, stack(0x0000000000750000,0x0000000000850000)]
  0x000000001ec0f000 JavaThread "Cache worker for file content cache (C:\Users\Admin\.gradle\caches\5.1.1\fileContent)" [_thread_blocked, id=2444, stack(0x0000000024120000,0x0000000024220000)]
  0x000000001ec0a800 JavaThread "Memory manager" [_thread_blocked, id=6084, stack(0x0000000021530000,0x0000000021630000)]
  0x000000001f731800 JavaThread "Cache worker for execution history cache (C:\Users\Admin\.gradle\caches\5.1.1\executionHistory)" [_thread_blocked, id=17716, stack(0x00000000208c0000,0x00000000209c0000)]
  0x00000000195ab000 JavaThread "Cache worker for journal cache (C:\Users\Admin\.gradle\caches\journal-1)" [_thread_blocked, id=16552, stack(0x000000001a750000,0x000000001a850000)]
  0x00000000195a8000 JavaThread "File lock request listener" [_thread_in_native, id=14316, stack(0x000000001a650000,0x000000001a750000)]
  0x0000000019588000 JavaThread "Cache worker for file hash cache (C:\Users\Admin\.gradle\caches\5.1.1\fileHashes)" [_thread_blocked, id=12540, stack(0x000000001a550000,0x000000001a650000)]
  0x0000000019449000 JavaThread "Daemon periodic checks" [_thread_blocked, id=14276, stack(0x0000000019b50000,0x0000000019c50000)]
  0x0000000019435800 JavaThread "Incoming local TCP Connector on port 60302" [_thread_in_native, id=15680, stack(0x0000000019a50000,0x0000000019b50000)]
  0x0000000017611800 JavaThread "Service Thread" daemon [_thread_blocked, id=7156, stack(0x0000000017e80000,0x0000000017f80000)]
  0x0000000017597800 JavaThread "C1 CompilerThread2" daemon [_thread_blocked, id=18408, stack(0x0000000017d80000,0x0000000017e80000)]
=>0x000000001627e800 JavaThread "C2 CompilerThread1" daemon [_thread_in_native, id=5360, stack(0x0000000017c80000,0x0000000017d80000)]
  0x000000001627a000 JavaThread "C2 CompilerThread0" daemon [_thread_blocked, id=17768, stack(0x0000000017b80000,0x0000000017c80000)]
  0x000000001622d000 JavaThread "Attach Listener" daemon [_thread_blocked, id=12236, stack(0x0000000017a80000,0x0000000017b80000)]
  0x0000000017588800 JavaThread "Signal Dispatcher" daemon [_thread_blocked, id=13720, stack(0x0000000017980000,0x0000000017a80000)]
  0x00000000028ab000 JavaThread "Finalizer" daemon [_thread_blocked, id=17096, stack(0x0000000017480000,0x0000000017580000)]
  0x00000000028a1000 JavaThread "Reference Handler" daemon [_thread_blocked, id=3248, stack(0x0000000017380000,0x0000000017480000)]
  0x00000000025ad800 JavaThread "main" [_thread_blocked, id=13728, stack(0x00000000026b0000,0x00000000027b0000)]

Other Threads:
  0x00000000161e6800 VMThread [stack: 0x0000000017280000,0x0000000017380000] [id=15768]
  0x0000000017612000 WatcherThread [stack: 0x0000000017f80000,0x0000000018080000] [id=3728]

VM state:at safepoint (normal execution)

VM Mutex/Monitor currently owned by a thread:  ([mutex/lock_event])
[0x00000000025ac780] Threads_lock - owner thread: 0x00000000161e6800
[0x00000000025ad100] Heap_lock - owner thread: 0x000000001b11b000

OutOfMemory and StackOverflow Exception counts:
OutOfMemoryError java_heap_errors=3

heap address: 0x00000000a0000000, size: 1536 MB, Compressed Oops mode: 32-bit
Narrow klass base: 0x0000000000000000, Narrow klass shift: 3
Compressed class space size: 1073741824 Address: 0x0000000100000000

Heap:
 PSYoungGen      total 500736K, used 482774K [0x00000000e0000000, 0x00000000fff80000, 0x0000000100000000)
  eden space 478208K, 100% used [0x00000000e0000000,0x00000000fd300000,0x00000000fd300000)
  from space 22528K, 20% used [0x00000000fe900000,0x00000000fed75b90,0x00000000fff00000)
  to   space 22528K, 6% used [0x00000000fd300000,0x00000000fd461fb0,0x00000000fe900000)
 ParOldGen       total 595456K, used 319667K [0x00000000a0000000, 0x00000000c4580000, 0x00000000e0000000)
  object space 595456K, 53% used [0x00000000a0000000,0x00000000b382ee00,0x00000000c4580000)
 Metaspace       used 99413K, capacity 104484K, committed 112920K, reserved 1146880K
  class space    used 12400K, capacity 13424K, committed 14632K, reserved 1048576K

Card table byte_map: [0x0000000011c70000,0x0000000011f80000] byte_map_base: 0x0000000011770000

Marking Bits: (ParMarkBitMap*) 0x00000000548af030
 Begin Bits: [0x0000000012580000, 0x0000000013d80000)
 End Bits:   [0x0000000013d80000, 0x0000000015580000)

Polling page: 0x00000000001f0000

CodeCache: size=245760Kb used=79456Kb max_used=83145Kb free=166304Kb
 bounds [0x00000000028b0000, 0x0000000007a70000, 0x00000000118b0000]
 total_blobs=22480 nmethods=21607 adapters=782
 compilation: enabled

Compilation events (10 events):
Event: 290.636 Thread 0x0000000017597800 nmethod 32540 0x0000000007928690 code [0x0000000007928840, 0x0000000007928e38]
Event: 290.713 Thread 0x000000001627a000 32541       4       com.android.tools.r8.ir.code.Instruction::setBlock (24 bytes)
Event: 290.713 Thread 0x000000001627a000 nmethod 32541 0x0000000007673550 code [0x0000000007673680, 0x00000000076736f8]
Event: 290.719 Thread 0x000000001627e800 32542       4       java.util.WeakHashMap$HashIterator::nextEntry (81 bytes)
Event: 290.719 Thread 0x000000001627a000 32543       4       java.util.WeakHashMap$Entry::getKey (8 bytes)
Event: 290.720 Thread 0x000000001627a000 nmethod 32543 0x0000000004104b50 code [0x0000000004104c80, 0x0000000004104cf8]
Event: 290.720 Thread 0x000000001627a000 32544       4       java.util.WeakHashMap$EntryIterator::next (5 bytes)
Event: 290.720 Thread 0x000000001627e800 nmethod 32542 0x0000000003758650 code [0x00000000037587a0, 0x0000000003758898]
Event: 290.721 Thread 0x000000001627a000 nmethod 32544 0x0000000004f7e350 code [0x0000000004f7e4a0, 0x0000000004f7e598]
Event: 290.750 Thread 0x000000001627e800 32545       4       com.android.tools.r8.com.google.gson.stream.JsonWriter::string (171 bytes)

GC Heap History (10 events):
Event: 289.617 GC heap before
{Heap before GC invocations=151 (full 7):
 PSYoungGen      total 499200K, used 488610K [0x00000000e0000000, 0x00000000fff80000, 0x0000000100000000)
  eden space 474624K, 100% used [0x00000000e0000000,0x00000000fcf80000,0x00000000fcf80000)
  from space 24576K, 56% used [0x00000000fcf80000,0x00000000fdd28980,0x00000000fe780000)
  to   space 24576K, 0% used [0x00000000fe780000,0x00000000fe780000,0x00000000fff80000)
 ParOldGen       total 595456K, used 304188K [0x00000000a0000000, 0x00000000c4580000, 0x00000000e0000000)
  object space 595456K, 51% used [0x00000000a0000000,0x00000000b290f2e0,0x00000000c4580000)
 Metaspace       used 99409K, capacity 104484K, committed 112920K, reserved 1146880K
  class space    used 12400K, capacity 13424K, committed 14632K, reserved 1048576K
Event: 289.630 GC heap after
Heap after GC invocations=151 (full 7):
 PSYoungGen      total 498176K, used 8751K [0x00000000e0000000, 0x00000000ffe00000, 0x0000000100000000)
  eden space 475136K, 0% used [0x00000000e0000000,0x00000000e0000000,0x00000000fd000000)
  from space 23040K, 37% used [0x00000000fe780000,0x00000000ff00bdf0,0x00000000ffe00000)
  to   space 23552K, 0% used [0x00000000fd000000,0x00000000fd000000,0x00000000fe700000)
 ParOldGen       total 595456K, used 311401K [0x00000000a0000000, 0x00000000c4580000, 0x00000000e0000000)
  object space 595456K, 52% used [0x00000000a0000000,0x00000000b301a7c8,0x00000000c4580000)
 Metaspace       used 99409K, capacity 104484K, committed 112920K, reserved 1146880K
  class space    used 12400K, capacity 13424K, committed 14632K, reserved 1048576K
}
Event: 289.867 GC heap before
{Heap before GC invocations=152 (full 7):
 PSYoungGen      total 498176K, used 483887K [0x00000000e0000000, 0x00000000ffe00000, 0x0000000100000000)
  eden space 475136K, 100% used [0x00000000e0000000,0x00000000fd000000,0x00000000fd000000)
  from space 23040K, 37% used [0x00000000fe780000,0x00000000ff00bdf0,0x00000000ffe00000)
  to   space 23552K, 0% used [0x00000000fd000000,0x00000000fd000000,0x00000000fe700000)
 ParOldGen       total 595456K, used 311401K [0x00000000a0000000, 0x00000000c4580000, 0x00000000e0000000)
  object space 595456K, 52% used [0x00000000a0000000,0x00000000b301a7c8,0x00000000c4580000)
 Metaspace       used 99411K, capacity 104484K, committed 112920K, reserved 1146880K
  class space    used 12400K, capacity 13424K, committed 14632K, reserved 1048576K
Event: 289.875 GC heap after
Heap after GC invocations=152 (full 7):
 PSYoungGen      total 498688K, used 13251K [0x00000000e0000000, 0x00000000fff80000, 0x0000000100000000)
  eden space 475136K, 0% used [0x00000000e0000000,0x00000000e0000000,0x00000000fd000000)
  from space 23552K, 56% used [0x00000000fd000000,0x00000000fdcf0c28,0x00000000fe700000)
  to   space 23040K, 0% used [0x00000000fe900000,0x00000000fe900000,0x00000000fff80000)
 ParOldGen       total 595456K, used 312664K [0x00000000a0000000, 0x00000000c4580000, 0x00000000e0000000)
  object space 595456K, 52% used [0x00000000a0000000,0x00000000b3156148,0x00000000c4580000)
 Metaspace       used 99411K, capacity 104484K, committed 112920K, reserved 1146880K
  class space    used 12400K, capacity 13424K, committed 14632K, reserved 1048576K
}
Event: 290.096 GC heap before
{Heap before GC invocations=153 (full 7):
 PSYoungGen      total 498688K, used 488387K [0x00000000e0000000, 0x00000000fff80000, 0x0000000100000000)
  eden space 475136K, 100% used [0x00000000e0000000,0x00000000fd000000,0x00000000fd000000)
  from space 23552K, 56% used [0x00000000fd000000,0x00000000fdcf0c28,0x00000000fe700000)
  to   space 23040K, 0% used [0x00000000fe900000,0x00000000fe900000,0x00000000fff80000)
 ParOldGen       total 595456K, used 312664K [0x00000000a0000000, 0x00000000c4580000, 0x00000000e0000000)
  object space 595456K, 52% used [0x00000000a0000000,0x00000000b3156148,0x00000000c4580000)
 Metaspace       used 99411K, capacity 104484K, committed 112920K, reserved 1146880K
  class space    used 12400K, capacity 13424K, committed 14632K, reserved 1048576K
Event: 290.100 GC heap after
Heap after GC invocations=153 (full 7):
 PSYoungGen      total 500736K, used 5143K [0x00000000e0000000, 0x00000000fff80000, 0x0000000100000000)
  eden space 477696K, 0% used [0x00000000e0000000,0x00000000e0000000,0x00000000fd280000)
  from space 23040K, 22% used [0x00000000fe900000,0x00000000fee05c68,0x00000000fff80000)
  to   space 23040K, 0% used [0x00000000fd280000,0x00000000fd280000,0x00000000fe900000)
 ParOldGen       total 595456K, used 314486K [0x00000000a0000000, 0x00000000c4580000, 0x00000000e0000000)
  object space 595456K, 52% used [0x00000000a0000000,0x00000000b331dad8,0x00000000c4580000)
 Metaspace       used 99411K, capacity 104484K, committed 112920K, reserved 1146880K
  class space    used 12400K, capacity 13424K, committed 14632K, reserved 1048576K
}
Event: 290.300 GC heap before
{Heap before GC invocations=154 (full 7):
 PSYoungGen      total 500736K, used 482839K [0x00000000e0000000, 0x00000000fff80000, 0x0000000100000000)
  eden space 477696K, 100% used [0x00000000e0000000,0x00000000fd280000,0x00000000fd280000)
  from space 23040K, 22% used [0x00000000fe900000,0x00000000fee05c68,0x00000000fff80000)
  to   space 23040K, 0% used [0x00000000fd280000,0x00000000fd280000,0x00000000fe900000)
 ParOldGen       total 595456K, used 314486K [0x00000000a0000000, 0x00000000c4580000, 0x00000000e0000000)
  object space 595456K, 52% used [0x00000000a0000000,0x00000000b331dad8,0x00000000c4580000)
 Metaspace       used 99412K, capacity 104484K, committed 112920K, reserved 1146880K
  class space    used 12400K, capacity 13424K, committed 14632K, reserved 1048576K
Event: 290.305 GC heap after
Heap after GC invocations=154 (full 7):
 PSYoungGen      total 500736K, used 7543K [0x00000000e0000000, 0x00000000fff00000, 0x0000000100000000)
  eden space 477696K, 0% used [0x00000000e0000000,0x00000000e0000000,0x00000000fd280000)
  from space 23040K, 32% used [0x00000000fd280000,0x00000000fd9ddc78,0x00000000fe900000)
  to   space 22528K, 0% used [0x00000000fe900000,0x00000000fe900000,0x00000000fff00000)
 ParOldGen       total 595456K, used 315157K [0x00000000a0000000, 0x00000000c4580000, 0x00000000e0000000)
  object space 595456K, 52% used [0x00000000a0000000,0x00000000b33c5518,0x00000000c4580000)
 Metaspace       used 99412K, capacity 104484K, committed 112920K, reserved 1146880K
  class space    used 12400K, capacity 13424K, committed 14632K, reserved 1048576K
}
Event: 290.503 GC heap before
{Heap before GC invocations=155 (full 7):
 PSYoungGen      total 500736K, used 485239K [0x00000000e0000000, 0x00000000fff00000, 0x0000000100000000)
  eden space 477696K, 100% used [0x00000000e0000000,0x00000000fd280000,0x00000000fd280000)
  from space 23040K, 32% used [0x00000000fd280000,0x00000000fd9ddc78,0x00000000fe900000)
  to   space 22528K, 0% used [0x00000000fe900000,0x00000000fe900000,0x00000000fff00000)
 ParOldGen       total 595456K, used 315157K [0x00000000a0000000, 0x00000000c4580000, 0x00000000e0000000)
  object space 595456K, 52% used [0x00000000a0000000,0x00000000b33c5518,0x00000000c4580000)
 Metaspace       used 99412K, capacity 104484K, committed 112920K, reserved 1146880K
  class space    used 12400K, capacity 13424K, committed 14632K, reserved 1048576K
Event: 290.508 GC heap after
Heap after GC invocations=155 (full 7):
 PSYoungGen      total 500736K, used 4566K [0x00000000e0000000, 0x00000000fff80000, 0x0000000100000000)
  eden space 478208K, 0% used [0x00000000e0000000,0x00000000e0000000,0x00000000fd300000)
  from space 22528K, 20% used [0x00000000fe900000,0x00000000fed75b90,0x00000000fff00000)
  to   space 22528K, 0% used [0x00000000fd300000,0x00000000fd300000,0x00000000fe900000)
 ParOldGen       total 595456K, used 318874K [0x00000000a0000000, 0x00000000c4580000, 0x00000000e0000000)
  object space 595456K, 53% used [0x00000000a0000000,0x00000000b3766b10,0x00000000c4580000)
 Metaspace       used 99412K, capacity 104484K, committed 112920K, reserved 1146880K
  class space    used 12400K, capacity 13424K, committed 14632K, reserved 1048576K
}

Deoptimization events (10 events):
Event: 288.885 Thread 0x000000001b11c000 Uncommon trap: reason=unstable_if action=reinterpret pc=0x000000000542f040 method=com.android.tools.r8.ir.regalloc.LinearScanRegisterAllocator.allocateRegisters()V @ 68
Event: 288.888 Thread 0x000000001b119800 Uncommon trap: reason=unstable_if action=reinterpret pc=0x00000000049eb15c method=com.android.tools.r8.ir.regalloc.LinearScanRegisterAllocator.allocateRegisters()V @ 68
Event: 289.006 Thread 0x000000001b119800 Uncommon trap: reason=unstable_if action=reinterpret pc=0x0000000007966b14 method=com.android.tools.r8.ir.optimize.CodeRewriter.isBlockSupportedBySimplifyKnownBooleanCondition(Lcom/android/tools/r8/ir/code/BasicBlock;)Z @ 171
Event: 289.288 Thread 0x000000001b119800 Uncommon trap: reason=bimorphic action=maybe_recompile pc=0x0000000006ba68c0 method=com.android.tools.r8.ir.code.LogicalBinop.evaluate(Lcom/android/tools/r8/ir/code/IRCode;Ljava/util/function/Function;)Lcom/android/tools/r8/ir/analysis/constant/LatticeEle
Event: 289.288 Thread 0x000000001b119800 Uncommon trap: reason=bimorphic action=maybe_recompile pc=0x000000000789ac08 method=com.android.tools.r8.ir.code.ArithmeticBinop.evaluate(Lcom/android/tools/r8/ir/code/IRCode;Ljava/util/function/Function;)Lcom/android/tools/r8/ir/analysis/constant/Lattice
Event: 289.288 Thread 0x000000001b119800 Uncommon trap: reason=bimorphic action=maybe_recompile pc=0x0000000006ba68c0 method=com.android.tools.r8.ir.code.LogicalBinop.evaluate(Lcom/android/tools/r8/ir/code/IRCode;Ljava/util/function/Function;)Lcom/android/tools/r8/ir/analysis/constant/LatticeEle
Event: 289.288 Thread 0x000000001b119800 Uncommon trap: reason=bimorphic action=maybe_recompile pc=0x000000000789ac08 method=com.android.tools.r8.ir.code.ArithmeticBinop.evaluate(Lcom/android/tools/r8/ir/code/IRCode;Ljava/util/function/Function;)Lcom/android/tools/r8/ir/analysis/constant/Lattice
Event: 289.288 Thread 0x000000001b119800 Uncommon trap: reason=bimorphic action=maybe_recompile pc=0x000000000789ac08 method=com.android.tools.r8.ir.code.ArithmeticBinop.evaluate(Lcom/android/tools/r8/ir/code/IRCode;Ljava/util/function/Function;)Lcom/android/tools/r8/ir/analysis/constant/Lattice
Event: 289.288 Thread 0x000000001b119800 Uncommon trap: reason=bimorphic action=maybe_recompile pc=0x000000000789ac08 method=com.android.tools.r8.ir.code.ArithmeticBinop.evaluate(Lcom/android/tools/r8/ir/code/IRCode;Ljava/util/function/Function;)Lcom/android/tools/r8/ir/analysis/constant/Lattice
Event: 290.179 Thread 0x000000001b11c000 Uncommon trap: reason=unstable_if action=reinterpret pc=0x0000000005e3822c method=com.android.tools.r8.ir.conversion.JarSourceCode.isExitingThrow(Lcom/android/tools/r8/org/objectweb/asm/tree/InsnNode;)Z @ 31

Classes redefined (0 events):
No events

Internal exceptions (10 events):
Event: 282.196 Thread 0x000000001b119800 Exception <a 'sun/nio/fs/WindowsException'> (0x00000000e7c094b8) thrown at [C:\src\AOSP-openjdk-git\hotspot\src\share\vm\prims\jni.cpp, line 710]
Event: 282.199 Thread 0x000000001b119800 Exception <a 'sun/nio/fs/WindowsException'> (0x00000000e7c1a390) thrown at [C:\src\AOSP-openjdk-git\hotspot\src\share\vm\prims\jni.cpp, line 710]
Event: 282.201 Thread 0x000000001ec14800 Exception <a 'sun/nio/fs/WindowsException'> (0x00000000e7c48878) thrown at [C:\src\AOSP-openjdk-git\hotspot\src\share\vm\prims\jni.cpp, line 710]
Event: 282.201 Thread 0x000000001b119800 Exception <a 'sun/nio/fs/WindowsException'> (0x00000000e7c21a80) thrown at [C:\src\AOSP-openjdk-git\hotspot\src\share\vm\prims\jni.cpp, line 710]
Event: 282.203 Thread 0x000000001ec14800 Exception <a 'sun/nio/fs/WindowsException'> (0x00000000e7c5ea80) thrown at [C:\src\AOSP-openjdk-git\hotspot\src\share\vm\prims\jni.cpp, line 710]
Event: 282.203 Thread 0x000000001ec14800 Exception <a 'sun/nio/fs/WindowsException'> (0x00000000e7c5f758) thrown at [C:\src\AOSP-openjdk-git\hotspot\src\share\vm\prims\jni.cpp, line 710]
Event: 282.203 Thread 0x000000001ec14800 Exception <a 'sun/nio/fs/WindowsException'> (0x00000000e7c61dc0) thrown at [C:\src\AOSP-openjdk-git\hotspot\src\share\vm\prims\jni.cpp, line 710]
Event: 290.674 Thread 0x000000001b119800 Exception <a 'java/lang/OutOfMemoryError'> (0x00000000f35fca40) thrown at [C:\src\AOSP-openjdk-git\hotspot\src\share\vm\prims\jni.cpp, line 737]
Event: 290.674 Thread 0x000000001b11c000 Exception <a 'java/lang/OutOfMemoryError'> (0x00000000f3f48828) thrown at [C:\src\AOSP-openjdk-git\hotspot\src\share\vm\prims\jni.cpp, line 737]
Event: 290.719 Thread 0x000000001b119800 Exception <a 'java/lang/OutOfMemoryError'> (0x00000000f8191ee0) thrown at [C:\src\AOSP-openjdk-git\hotspot\src\share\vm\prims\jni.cpp, line 737]

Events (10 events):
Event: 290.475 Thread 0x0000000017597800 flushing nmethod 0x0000000007330290
Event: 290.475 Thread 0x0000000017597800 flushing nmethod 0x00000000073a6050
Event: 290.475 Thread 0x0000000017597800 flushing nmethod 0x0000000007441950
Event: 290.476 Thread 0x0000000017597800 flushing nmethod 0x000000000771f010
Event: 290.476 Thread 0x0000000017597800 flushing nmethod 0x00000000077ee790
Event: 290.477 Thread 0x0000000017597800 flushing nmethod 0x0000000007850950
Event: 290.477 Thread 0x0000000017597800 flushing nmethod 0x00000000078a9810
Event: 290.477 Thread 0x0000000017597800 flushing nmethod 0x0000000007928690
Event: 290.503 Executing VM operation: ParallelGCFailedAllocation
Event: 290.508 Executing VM operation: ParallelGCFailedAllocation done


Dynamic libraries:
0x00007ff754450000 - 0x00007ff754481000 	D:\Android\Android Studio\jre\bin\java.exe
0x00007ffc62290000 - 0x00007ffc62486000 	C:\Windows\SYSTEM32\ntdll.dll
0x00007ffc61270000 - 0x00007ffc6132d000 	C:\Windows\System32\KERNEL32.DLL
0x00007ffc5fd60000 - 0x00007ffc60029000 	C:\Windows\System32\KERNELBASE.dll
0x00007ffc61ec0000 - 0x00007ffc61f6c000 	C:\Windows\System32\ADVAPI32.dll
0x00007ffc60a20000 - 0x00007ffc60abe000 	C:\Windows\System32\msvcrt.dll
0x00007ffc61f70000 - 0x00007ffc6200c000 	C:\Windows\System32\sechost.dll
0x00007ffc607d0000 - 0x00007ffc608fb000 	C:\Windows\System32\RPCRT4.dll
0x00007ffc61520000 - 0x00007ffc616c0000 	C:\Windows\System32\USER32.dll
0x00007ffc602c0000 - 0x00007ffc602e2000 	C:\Windows\System32\win32u.dll
0x00007ffc606d0000 - 0x00007ffc606fa000 	C:\Windows\System32\GDI32.dll
0x00007ffc5fc20000 - 0x00007ffc5fd29000 	C:\Windows\System32\gdi32full.dll
0x00007ffc5fad0000 - 0x00007ffc5fb6d000 	C:\Windows\System32\msvcp_win.dll
0x00007ffc5f9d0000 - 0x00007ffc5fad0000 	C:\Windows\System32\ucrtbase.dll
0x00007ffc46c20000 - 0x00007ffc46ebb000 	C:\Windows\WinSxS\amd64_microsoft.windows.common-controls_6595b64144ccf1df_6.0.19041.488_none_ca04af081b815d21\COMCTL32.dll
0x00007ffc62220000 - 0x00007ffc62250000 	C:\Windows\System32\IMM32.DLL
0x0000000054930000 - 0x0000000054a02000 	D:\Android\Android Studio\jre\jre\bin\msvcr100.dll
0x00000000540e0000 - 0x000000005492b000 	D:\Android\Android Studio\jre\jre\bin\server\jvm.dll
0x00007ffc61510000 - 0x00007ffc61518000 	C:\Windows\System32\PSAPI.DLL
0x00007ffc43c90000 - 0x00007ffc43c99000 	C:\Windows\SYSTEM32\WSOCK32.dll
0x00007ffc55690000 - 0x00007ffc556b7000 	C:\Windows\SYSTEM32\WINMM.dll
0x00007ffc61340000 - 0x00007ffc613ab000 	C:\Windows\System32\WS2_32.dll
0x00007ffc5f490000 - 0x00007ffc5f49a000 	C:\Windows\SYSTEM32\VERSION.dll
0x00007ffc3bff0000 - 0x00007ffc3bfff000 	D:\Android\Android Studio\jre\jre\bin\verify.dll
0x00007ffc1c360000 - 0x00007ffc1c389000 	D:\Android\Android Studio\jre\jre\bin\java.dll
0x00007ffc1c340000 - 0x00007ffc1c356000 	D:\Android\Android Studio\jre\jre\bin\zip.dll
0x00007ffc61770000 - 0x00007ffc61eb2000 	C:\Windows\System32\SHELL32.dll
0x00007ffc5d920000 - 0x00007ffc5e0b5000 	C:\Windows\SYSTEM32\windows.storage.dll
0x00007ffc60370000 - 0x00007ffc606c6000 	C:\Windows\System32\combase.dll
0x00007ffc5f300000 - 0x00007ffc5f32c000 	C:\Windows\SYSTEM32\Wldp.dll
0x00007ffc60bf0000 - 0x00007ffc60c9e000 	C:\Windows\System32\SHCORE.dll
0x00007ffc60310000 - 0x00007ffc60365000 	C:\Windows\System32\shlwapi.dll
0x00007ffc5f900000 - 0x00007ffc5f926000 	C:\Windows\SYSTEM32\profapi.dll
0x00007ffc1c320000 - 0x00007ffc1c33a000 	D:\Android\Android Studio\jre\jre\bin\net.dll
0x00007ffc5f080000 - 0x00007ffc5f0ea000 	C:\Windows\system32\mswsock.dll
0x00007ffc1c300000 - 0x00007ffc1c313000 	D:\Android\Android Studio\jre\jre\bin\nio.dll
0x00007ffc43ca0000 - 0x00007ffc43cbe000 	C:\Users\Admin\.gradle\native\25\windows-amd64\native-platform.dll
0x00007ffc496a0000 - 0x00007ffc496ad000 	D:\Android\Android Studio\jre\jre\bin\management.dll
0x00007ffc5f260000 - 0x00007ffc5f278000 	C:\Windows\SYSTEM32\CRYPTSP.dll
0x00007ffc5ea10000 - 0x00007ffc5ea44000 	C:\Windows\system32\rsaenh.dll
0x00007ffc5fd30000 - 0x00007ffc5fd57000 	C:\Windows\System32\bcrypt.dll
0x00007ffc5f880000 - 0x00007ffc5f8ae000 	C:\Windows\SYSTEM32\USERENV.dll
0x00007ffc60090000 - 0x00007ffc60110000 	C:\Windows\System32\bcryptprimitives.dll
0x00007ffc5f250000 - 0x00007ffc5f25c000 	C:\Windows\SYSTEM32\CRYPTBASE.dll
0x00007ffc5ed70000 - 0x00007ffc5edab000 	C:\Windows\SYSTEM32\IPHLPAPI.DLL
0x00007ffc61330000 - 0x00007ffc61338000 	C:\Windows\System32\NSI.dll
0x00007ffc59b90000 - 0x00007ffc59ba7000 	C:\Windows\SYSTEM32\dhcpcsvc6.DLL
0x00007ffc59af0000 - 0x00007ffc59b0d000 	C:\Windows\SYSTEM32\dhcpcsvc.DLL
0x00007ffc5edb0000 - 0x00007ffc5ee7b000 	C:\Windows\SYSTEM32\DNSAPI.dll

VM Arguments:
jvm_args: -Xmx1536m -Dfile.encoding=GBK -Duser.country=CN -Duser.language=zh -Duser.variant 
java_command: org.gradle.launcher.daemon.bootstrap.GradleDaemon 5.1.1
java_class_path (initial): C:\Users\Admin\.gradle\wrapper\dists\gradle-5.1.1-all\97z1ksx6lirer3kbvdnh7jtjg\gradle-5.1.1\lib\gradle-launcher-5.1.1.jar
Launcher Type: SUN_STANDARD

Environment Variables:
JAVA_HOME=D:\Android\Android Studio\jre
PATH=C:\Windows\system32;C:\Windows;C:\Windows\System32\Wbem;C:\Windows\System32\WindowsPowerShell\v1.0\;C:\Windows\System32\OpenSSH\;C:\Program Files\Git\cmd;C:\Users\Admin\AppData\Local\Microsoft\WindowsApps;D:\Android\Android Studio\jre\bin;C:\Users\Admin\Downloads\windows_apache-maven-3.0.5-bin\apache-maven-3.0.5\bin;C:\Users\Admin\Downloads\mysql-cluster-gpl-7.6.15-winx64\mysql-cluster-gpl-7.6.15-winx64\bin;
USERNAME=Admin
OS=Windows_NT
PROCESSOR_IDENTIFIER=Intel64 Family 6 Model 158 Stepping 11, GenuineIntel



---------------  S Y S T E M  ---------------

OS: Windows 10.0 , 64 bit Build 19041 (10.0.19041.662)

CPU:total 4 (initial active 4) (4 cores per cpu, 1 threads per core) family 6 model 158 stepping 11, cmov, cx8, fxsr, mmx, sse, sse2, sse3, ssse3, sse4.1, sse4.2, popcnt, avx, avx2, aes, clmul, erms, 3dnowpref, lzcnt, tsc, tscinvbit, bmi1, bmi2, adx

Memory: 4k page, physical 16721116k(3542996k free), swap 25109724k(5140k free)

vm_info: OpenJDK 64-Bit Server VM (25.242-b01) for windows-amd64 JRE (1.8.0_242-release-1644-b01), built by "builder" with MS VC++ 10.0 (VS2010)

time: Sat Jan 09 02:42:44 2021
timezone: 中国标准时间
elapsed time: 290 seconds (0d 0h 4m 50s)

