#
# There is insufficient memory for the Java Runtime Environment to continue.
# Native memory allocation (malloc) failed to allocate 229264 bytes for Chunk::new
# Possible reasons:
#   The system is out of physical RAM or swap space
#   The process is running with CompressedOops enabled, and the Java Heap may be blocking the growth of the native heap
# Possible solutions:
#   Reduce memory load on the system
#   Increase physical memory or swap space
#   Check if swap backing store is full
#   Decrease Java heap size (-Xmx/-Xms)
#   Decrease number of Java threads
#   Decrease Java thread stack sizes (-Xss)
#   Set larger code cache with -XX:ReservedCodeCacheSize=
#   JVM is running with Unscaled Compressed Oops mode in which the Java heap is
#     placed in the first 4GB address space. The Java Heap base address is the
#     maximum limit for the native heap growth. Please use -XX:HeapBaseMinAddress
#     to set the Java Heap base and to place the Java Heap above 4GB virtual address.
# This output file may be truncated or incomplete.
#
#  Out of Memory Error (allocation.cpp:389), pid=13764, tid=0x00000000000014f0
#
# JRE version: OpenJDK Runtime Environment (8.0_242-b01) (build 1.8.0_242-release-1644-b01)
# Java VM: OpenJDK 64-Bit Server VM (25.242-b01 mixed mode windows-amd64 compressed oops)
# Failed to write core dump. Minidumps are not enabled by default on client versions of Windows
#

---------------  T H R E A D  ---------------

Current thread (0x000000001659b800):  JavaThread "C2 CompilerThread0" daemon [_thread_in_native, id=5360, stack(0x0000000017e90000,0x0000000017f90000)]

Stack: [0x0000000017e90000,0x0000000017f90000]
[error occurred during error reporting (printing stack bounds), id 0xc0000005]

Native frames: (J=compiled Java code, j=interpreted, Vv=VM code, C=native code)


Current CompileTask:
C2:1787999 36624       4       java.lang.Class::getMethod (64 bytes)


---------------  P R O C E S S  ---------------

Java Threads: ( => current thread )
  0x0000000020897000 JavaThread "ForkJoinPool.commonPool-worker-0" daemon [_thread_blocked, id=14420, stack(0x00000000276b0000,0x00000000277b0000)]
  0x0000000020899800 JavaThread "ForkJoinPool.commonPool-worker-3" daemon [_thread_blocked, id=17892, stack(0x00000000275b0000,0x00000000276b0000)]
  0x00000000199c8800 JavaThread "Cache worker for Java compile cache (E:\android\popular_options\.gradle\5.1.1\javaCompile)" [_thread_blocked, id=18096, stack(0x0000000024d10000,0x0000000024e10000)]
  0x0000000019a6a800 JavaThread "Cache worker for execution history cache (E:\android\popular_options\.gradle\5.1.1\executionHistory)" [_thread_blocked, id=18156, stack(0x0000000024c10000,0x0000000024d10000)]
  0x0000000019a6e000 JavaThread "Cache worker for file content cache (E:\android\popular_options\.gradle\5.1.1\fileContent)" [_thread_blocked, id=6360, stack(0x00000000216b0000,0x00000000217b0000)]
  0x0000000019a6d800 JavaThread "Cache worker for Build Output Cleanup Cache (E:\android\popular_options\.gradle\buildOutputCleanup)" [_thread_blocked, id=16220, stack(0x00000000215b0000,0x00000000216b0000)]
  0x0000000019a6c000 JavaThread "Build operations Thread 4" [_thread_blocked, id=17804, stack(0x00000000214b0000,0x00000000215b0000)]
  0x0000000019a61000 JavaThread "Build operations Thread 3" [_thread_blocked, id=17176, stack(0x00000000213b0000,0x00000000214b0000)]
  0x0000000019a64800 JavaThread "Build operations Thread 2" [_thread_blocked, id=7380, stack(0x0000000020be0000,0x0000000020ce0000)]
  0x0000000019a68000 JavaThread "Build operations" [_thread_blocked, id=9108, stack(0x0000000020ae0000,0x0000000020be0000)]
  0x0000000019a63800 JavaThread "Cache worker for cache directory md-rule (C:\Users\Admin\.gradle\caches\5.1.1\md-rule)" [_thread_blocked, id=15208, stack(0x00000000209e0000,0x0000000020ae0000)]
  0x000000001b539000 JavaThread "Cache worker for cache directory md-supplier (C:\Users\Admin\.gradle\caches\5.1.1\md-supplier)" [_thread_blocked, id=14452, stack(0x000000001cdd0000,0x000000001ced0000)]
  0x000000001b538000 JavaThread "Cache worker for file hash cache (E:\android\popular_options\.gradle\5.1.1\fileHashes)" [_thread_blocked, id=14080, stack(0x000000001a830000,0x000000001a930000)]
  0x000000001b53d800 JavaThread "Thread-54" [_thread_in_native, id=16176, stack(0x000000001a530000,0x000000001a630000)]
  0x000000001b52f000 JavaThread "Asynchronous log dispatcher for DefaultDaemonConnection: socket connection from /127.0.0.1:61061 to /127.0.0.1:62660" [_thread_blocked, id=11892, stack(0x000000001a130000,0x000000001a230000)]
  0x000000001b536000 JavaThread "Daemon worker Thread 3" [_thread_blocked, id=18064, stack(0x000000001a030000,0x000000001a130000)]
  0x000000001b534800 JavaThread "Cancel handler" [_thread_blocked, id=17480, stack(0x0000000000d70000,0x0000000000e70000)]
  0x000000001b530800 JavaThread "Handler for socket connection from /127.0.0.1:61061 to /127.0.0.1:62660" [_thread_in_native, id=12232, stack(0x0000000000c70000,0x0000000000d70000)]
  0x000000001b533000 JavaThread "Daemon Thread 3" [_thread_blocked, id=12764, stack(0x0000000000b70000,0x0000000000c70000)]
  0x000000001b536800 JavaThread "Cache worker for Java compile cache (C:\Users\Admin\.gradle\caches\5.1.1\javaCompile)" [_thread_blocked, id=16028, stack(0x0000000023f10000,0x0000000024010000)]
  0x000000001b533800 JavaThread "Cache worker for file content cache (C:\Users\Admin\.gradle\caches\5.1.1\fileContent)" [_thread_blocked, id=15812, stack(0x00000000236e0000,0x00000000237e0000)]
  0x000000001b535000 JavaThread "Memory manager" [_thread_blocked, id=6288, stack(0x0000000021db0000,0x0000000021eb0000)]
  0x00000000199ca000 JavaThread "Cache worker for execution history cache (C:\Users\Admin\.gradle\caches\5.1.1\executionHistory)" [_thread_blocked, id=17736, stack(0x000000001ced0000,0x000000001cfd0000)]
  0x00000000199ce000 JavaThread "Cache worker for journal cache (C:\Users\Admin\.gradle\caches\journal-1)" [_thread_blocked, id=2100, stack(0x000000001bb00000,0x000000001bc00000)]
  0x00000000199c9800 JavaThread "File lock request listener" [_thread_in_native, id=17444, stack(0x000000001ba00000,0x000000001bb00000)]
  0x00000000199d6800 JavaThread "Cache worker for file hash cache (C:\Users\Admin\.gradle\caches\5.1.1\fileHashes)" [_thread_blocked, id=1284, stack(0x000000001b900000,0x000000001ba00000)]
  0x00000000197b6800 JavaThread "Daemon periodic checks" [_thread_blocked, id=12680, stack(0x0000000019f30000,0x000000001a030000)]
  0x000000001974f800 JavaThread "Incoming local TCP Connector on port 61061" [_thread_in_native, id=10188, stack(0x0000000019d80000,0x0000000019e80000)]
  0x0000000017925000 JavaThread "Service Thread" daemon [_thread_blocked, id=2828, stack(0x0000000018190000,0x0000000018290000)]
  0x000000001789f800 JavaThread "C1 CompilerThread2" daemon [_thread_in_vm, id=12044, stack(0x0000000018090000,0x0000000018190000)]
  0x0000000017899000 JavaThread "C2 CompilerThread1" daemon [_thread_in_native, id=8584, stack(0x0000000017f90000,0x0000000018090000)]
=>0x000000001659b800 JavaThread "C2 CompilerThread0" daemon [_thread_in_native, id=5360, stack(0x0000000017e90000,0x0000000017f90000)]
  0x000000001654f000 JavaThread "Attach Listener" daemon [_thread_blocked, id=13424, stack(0x0000000017d90000,0x0000000017e90000)]
  0x0000000017898800 JavaThread "Signal Dispatcher" daemon [_thread_blocked, id=18300, stack(0x0000000017c90000,0x0000000017d90000)]
  0x0000000002bcd000 JavaThread "Finalizer" daemon [_thread_blocked, id=9320, stack(0x0000000017790000,0x0000000017890000)]
  0x0000000002bc2000 JavaThread "Reference Handler" daemon [_thread_blocked, id=17180, stack(0x0000000017690000,0x0000000017790000)]
  0x0000000000a3d800 JavaThread "main" [_thread_blocked, id=17916, stack(0x0000000002610000,0x0000000002710000)]

Other Threads:
  0x0000000016507000 VMThread [stack: 0x0000000017590000,0x0000000017690000] [id=12892]
  0x0000000017929800 WatcherThread [stack: 0x0000000018290000,0x0000000018390000] [id=17268]

VM state:not at safepoint (normal execution)

VM Mutex/Monitor currently owned by a thread:  ([mutex/lock_event])
[0x0000000002ad1250] CompiledIC_lock - owner thread: 0x000000001789f800

OutOfMemory and StackOverflow Exception counts:
OutOfMemoryError java_heap_errors=1

heap address: 0x00000000a0000000, size: 1536 MB, Compressed Oops mode: 32-bit
Narrow klass base: 0x0000000000000000, Narrow klass shift: 3
Compressed class space size: 1073741824 Address: 0x0000000100000000

Heap:
 PSYoungGen      total 474112K, used 159826K [0x00000000e0000000, 0x0000000100000000, 0x0000000100000000)
  eden space 443392K, 29% used [0x00000000e0000000,0x00000000e7e14ae8,0x00000000fb100000)
  from space 30720K, 99% used [0x00000000fe200000,0x00000000fffffd38,0x0000000100000000)
  to   space 40448K, 0% used [0x00000000fb100000,0x00000000fb100000,0x00000000fd880000)
 ParOldGen       total 620544K, used 462977K [0x00000000a0000000, 0x00000000c5e00000, 0x00000000e0000000)
  object space 620544K, 74% used [0x00000000a0000000,0x00000000bc420418,0x00000000c5e00000)
 Metaspace       used 101611K, capacity 105766K, committed 112024K, reserved 1146880K
  class space    used 12510K, capacity 13328K, committed 15016K, reserved 1048576K

Card table byte_map: [0x0000000011f90000,0x00000000122a0000] byte_map_base: 0x0000000011a90000

Marking Bits: (ParMarkBitMap*) 0x00000000548af030
 Begin Bits: [0x00000000128a0000, 0x00000000140a0000)
 End Bits:   [0x00000000140a0000, 0x00000000158a0000)

Polling page: 0x00000000009f0000

CodeCache: size=245760Kb used=82224Kb max_used=87269Kb free=163535Kb
 bounds [0x0000000002bd0000, 0x0000000008290000, 0x0000000011bd0000]
 total_blobs=23267 nmethods=22354 adapters=822
 compilation: enabled

Compilation events (10 events):
Event: 1787.987 Thread 0x000000001789f800 nmethod 36626 0x0000000006992250 code [0x0000000006992420, 0x0000000006992ca8]
Event: 1787.991 Thread 0x000000001789f800 36636       3       org.gradle.execution.plan.Node::isComplete (56 bytes)
Event: 1787.992 Thread 0x000000001789f800 nmethod 36636 0x0000000004c3eb50 code [0x0000000004c3ecc0, 0x0000000004c3ef90]
Event: 1787.994 Thread 0x000000001789f800 36639       3       java.io.ObjectOutputStream$BlockDataOutputStream::writeBytes (144 bytes)
Event: 1787.994 Thread 0x000000001789f800 nmethod 36639 0x00000000047f7910 code [0x00000000047f7ae0, 0x00000000047f8238]
Event: 1787.996 Thread 0x000000001789f800 36635       3       org.gradle.execution.plan.Node::isRequired (16 bytes)
Event: 1787.996 Thread 0x000000001789f800 nmethod 36635 0x0000000005931c90 code [0x0000000005931de0, 0x0000000005931f90]
Event: 1787.996 Thread 0x0000000017899000 36640 %     4       java.io.ObjectOutputStream$BlockDataOutputStream::writeBytes @ 95 (144 bytes)
Event: 1787.998 Thread 0x000000001789f800 36628       3       java.io.PrintWriter::write (11 bytes)
Event: 1787.998 Thread 0x000000001789f800 nmethod 36628 0x0000000005d11050 code [0x0000000005d111c0, 0x0000000005d114c8]

GC Heap History (10 events):
Event: 1783.781 GC heap before
{Heap before GC invocations=230 (full 8):
 PSYoungGen      total 487936K, used 462791K [0x00000000e0000000, 0x0000000100000000, 0x0000000100000000)
  eden space 451584K, 100% used [0x00000000e0000000,0x00000000fb900000,0x00000000fb900000)
  from space 36352K, 30% used [0x00000000fb900000,0x00000000fc3f1fa8,0x00000000fdc80000)
  to   space 34816K, 0% used [0x00000000fde00000,0x00000000fde00000,0x0000000100000000)
 ParOldGen       total 620544K, used 408413K [0x00000000a0000000, 0x00000000c5e00000, 0x00000000e0000000)
  object space 620544K, 65% used [0x00000000a0000000,0x00000000b8ed75c0,0x00000000c5e00000)
 Metaspace       used 101510K, capacity 105598K, committed 112024K, reserved 1146880K
  class space    used 12497K, capacity 13258K, committed 15016K, reserved 1048576K
Event: 1783.793 GC heap after
Heap after GC invocations=230 (full 8):
 PSYoungGen      total 483328K, used 11506K [0x00000000e0000000, 0x00000000ffb80000, 0x0000000100000000)
  eden space 453120K, 0% used [0x00000000e0000000,0x00000000e0000000,0x00000000fba80000)
  from space 30208K, 38% used [0x00000000fde00000,0x00000000fe93cbc0,0x00000000ffb80000)
  to   space 33280K, 0% used [0x00000000fba80000,0x00000000fba80000,0x00000000fdb00000)
 ParOldGen       total 620544K, used 417618K [0x00000000a0000000, 0x00000000c5e00000, 0x00000000e0000000)
  object space 620544K, 67% used [0x00000000a0000000,0x00000000b97d4ad8,0x00000000c5e00000)
 Metaspace       used 101510K, capacity 105598K, committed 112024K, reserved 1146880K
  class space    used 12497K, capacity 13258K, committed 15016K, reserved 1048576K
}
Event: 1783.951 GC heap before
{Heap before GC invocations=231 (full 8):
 PSYoungGen      total 483328K, used 464626K [0x00000000e0000000, 0x00000000ffb80000, 0x0000000100000000)
  eden space 453120K, 100% used [0x00000000e0000000,0x00000000fba80000,0x00000000fba80000)
  from space 30208K, 38% used [0x00000000fde00000,0x00000000fe93cbc0,0x00000000ffb80000)
  to   space 33280K, 0% used [0x00000000fba80000,0x00000000fba80000,0x00000000fdb00000)
 ParOldGen       total 620544K, used 417620K [0x00000000a0000000, 0x00000000c5e00000, 0x00000000e0000000)
  object space 620544K, 67% used [0x00000000a0000000,0x00000000b97d5360,0x00000000c5e00000)
 Metaspace       used 101511K, capacity 105598K, committed 112024K, reserved 1146880K
  class space    used 12497K, capacity 13258K, committed 15016K, reserved 1048576K
Event: 1783.965 GC heap after
Heap after GC invocations=231 (full 8):
 PSYoungGen      total 486400K, used 13492K [0x00000000e0000000, 0x0000000100000000, 0x0000000100000000)
  eden space 453120K, 0% used [0x00000000e0000000,0x00000000e0000000,0x00000000fba80000)
  from space 33280K, 40% used [0x00000000fba80000,0x00000000fc7ad048,0x00000000fdb00000)
  to   space 31744K, 0% used [0x00000000fe100000,0x00000000fe100000,0x0000000100000000)
 ParOldGen       total 620544K, used 427882K [0x00000000a0000000, 0x00000000c5e00000, 0x00000000e0000000)
  object space 620544K, 68% used [0x00000000a0000000,0x00000000ba1daa10,0x00000000c5e00000)
 Metaspace       used 101511K, capacity 105598K, committed 112024K, reserved 1146880K
  class space    used 12497K, capacity 13258K, committed 15016K, reserved 1048576K
}
Event: 1784.129 GC heap before
{Heap before GC invocations=232 (full 8):
 PSYoungGen      total 486400K, used 466612K [0x00000000e0000000, 0x0000000100000000, 0x0000000100000000)
  eden space 453120K, 100% used [0x00000000e0000000,0x00000000fba80000,0x00000000fba80000)
  from space 33280K, 40% used [0x00000000fba80000,0x00000000fc7ad048,0x00000000fdb00000)
  to   space 31744K, 0% used [0x00000000fe100000,0x00000000fe100000,0x0000000100000000)
 ParOldGen       total 620544K, used 427882K [0x00000000a0000000, 0x00000000c5e00000, 0x00000000e0000000)
  object space 620544K, 68% used [0x00000000a0000000,0x00000000ba1daa10,0x00000000c5e00000)
 Metaspace       used 101511K, capacity 105598K, committed 112024K, reserved 1146880K
  class space    used 12497K, capacity 13258K, committed 15016K, reserved 1048576K
Event: 1784.142 GC heap after
Heap after GC invocations=232 (full 8):
 PSYoungGen      total 487424K, used 10748K [0x00000000e0000000, 0x00000000ffc80000, 0x0000000100000000)
  eden space 459264K, 0% used [0x00000000e0000000,0x00000000e0000000,0x00000000fc080000)
  from space 28160K, 38% used [0x00000000fe100000,0x00000000feb7f000,0x00000000ffc80000)
  to   space 30720K, 0% used [0x00000000fc080000,0x00000000fc080000,0x00000000fde80000)
 ParOldGen       total 620544K, used 439954K [0x00000000a0000000, 0x00000000c5e00000, 0x00000000e0000000)
  object space 620544K, 70% used [0x00000000a0000000,0x00000000bada4b38,0x00000000c5e00000)
 Metaspace       used 101511K, capacity 105598K, committed 112024K, reserved 1146880K
  class space    used 12497K, capacity 13258K, committed 15016K, reserved 1048576K
}
Event: 1784.394 GC heap before
{Heap before GC invocations=233 (full 8):
 PSYoungGen      total 487424K, used 470012K [0x00000000e0000000, 0x00000000ffc80000, 0x0000000100000000)
  eden space 459264K, 100% used [0x00000000e0000000,0x00000000fc080000,0x00000000fc080000)
  from space 28160K, 38% used [0x00000000fe100000,0x00000000feb7f000,0x00000000ffc80000)
  to   space 30720K, 0% used [0x00000000fc080000,0x00000000fc080000,0x00000000fde80000)
 ParOldGen       total 620544K, used 440576K [0x00000000a0000000, 0x00000000c5e00000, 0x00000000e0000000)
  object space 620544K, 70% used [0x00000000a0000000,0x00000000bae40030,0x00000000c5e00000)
 Metaspace       used 101514K, capacity 105598K, committed 112024K, reserved 1146880K
  class space    used 12497K, capacity 13258K, committed 15016K, reserved 1048576K
Event: 1784.409 GC heap after
Heap after GC invocations=233 (full 8):
 PSYoungGen      total 489984K, used 19307K [0x00000000e0000000, 0x0000000100000000, 0x0000000100000000)
  eden space 459264K, 0% used [0x00000000e0000000,0x00000000e0000000,0x00000000fc080000)
  from space 30720K, 62% used [0x00000000fc080000,0x00000000fd35af60,0x00000000fde80000)
  to   space 30720K, 0% used [0x00000000fe200000,0x00000000fe200000,0x0000000100000000)
 ParOldGen       total 620544K, used 448943K [0x00000000a0000000, 0x00000000c5e00000, 0x00000000e0000000)
  object space 620544K, 72% used [0x00000000a0000000,0x00000000bb66beb0,0x00000000c5e00000)
 Metaspace       used 101514K, capacity 105598K, committed 112024K, reserved 1146880K
  class space    used 12497K, capacity 13258K, committed 15016K, reserved 1048576K
}
Event: 1787.349 GC heap before
{Heap before GC invocations=234 (full 8):
 PSYoungGen      total 489984K, used 478571K [0x00000000e0000000, 0x0000000100000000, 0x0000000100000000)
  eden space 459264K, 100% used [0x00000000e0000000,0x00000000fc080000,0x00000000fc080000)
  from space 30720K, 62% used [0x00000000fc080000,0x00000000fd35af60,0x00000000fde80000)
  to   space 30720K, 0% used [0x00000000fe200000,0x00000000fe200000,0x0000000100000000)
 ParOldGen       total 620544K, used 448976K [0x00000000a0000000, 0x00000000c5e00000, 0x00000000e0000000)
  object space 620544K, 72% used [0x00000000a0000000,0x00000000bb674378,0x00000000c5e00000)
 Metaspace       used 101516K, capacity 105598K, committed 112024K, reserved 1146880K
  class space    used 12497K, capacity 13258K, committed 15016K, reserved 1048576K
Event: 1787.370 GC heap after
Heap after GC invocations=234 (full 8):
 PSYoungGen      total 474112K, used 30719K [0x00000000e0000000, 0x0000000100000000, 0x0000000100000000)
  eden space 443392K, 0% used [0x00000000e0000000,0x00000000e0000000,0x00000000fb100000)
  from space 30720K, 99% used [0x00000000fe200000,0x00000000fffffd38,0x0000000100000000)
  to   space 40448K, 0% used [0x00000000fb100000,0x00000000fb100000,0x00000000fd880000)
 ParOldGen       total 620544K, used 462977K [0x00000000a0000000, 0x00000000c5e00000, 0x00000000e0000000)
  object space 620544K, 74% used [0x00000000a0000000,0x00000000bc420418,0x00000000c5e00000)
 Metaspace       used 101516K, capacity 105598K, committed 112024K, reserved 1146880K
  class space    used 12497K, capacity 13258K, committed 15016K, reserved 1048576K
}

Deoptimization events (10 events):
Event: 1787.987 Thread 0x0000000019a69800 Uncommon trap: reason=unstable_if action=reinterpret pc=0x0000000005ae77c8 method=org.gradle.execution.plan.Node.isFailed()Z @ 4
Event: 1787.987 Thread 0x0000000019a69800 Uncommon trap: reason=unstable_if action=reinterpret pc=0x000000000450ac24 method=org.gradle.execution.plan.Node.isComplete()Z @ 17
Event: 1787.987 Thread 0x0000000019a69800 Uncommon trap: reason=unstable_if action=reinterpret pc=0x000000000550084c method=org.gradle.execution.plan.DefaultExecutionPlan.hasNodesRemaining()Z @ 33
Event: 1787.987 Thread 0x0000000019a69000 Uncommon trap: reason=unstable_if action=reinterpret pc=0x00000000057e6808 method=org.gradle.execution.plan.DefaultExecutionPlan.hasNodesRemaining()Z @ 33
Event: 1787.987 Thread 0x000000001b536000 Uncommon trap: reason=unstable_if action=reinterpret pc=0x00000000056b75c8 method=org.gradle.execution.plan.DefaultExecutionPlan.hasNodesRemaining()Z @ 33
Event: 1787.991 Thread 0x000000001b536000 Uncommon trap: reason=unstable_if action=reinterpret pc=0x0000000003c9bc98 method=org.gradle.internal.operations.DefaultBuildOperationExecutor.execute(Lorg/gradle/internal/operations/BuildOperation;Lorg/gradle/internal/operations/BuildOperationWorker;Lorg
Event: 1787.992 Thread 0x000000001b53d800 Uncommon trap: reason=unstable_if action=reinterpret pc=0x00000000052fb7e4 method=java.io.ObjectOutputStream$BlockDataOutputStream.writeBytes(Ljava/lang/String;)V @ 22
Event: 1787.992 Thread 0x000000001b53d800 Uncommon trap: reason=unstable_if action=reinterpret pc=0x0000000004774fe0 method=java.io.ObjectOutputStream$BlockDataOutputStream.writeBytes(Ljava/lang/String;)V @ 22
Event: 1787.992 Thread 0x000000001b536000 Uncommon trap: reason=unstable_if action=reinterpret pc=0x000000000389da5c method=java.lang.ref.SoftReference.get()Ljava/lang/Object; @ 6
Event: 1787.992 Thread 0x000000001b53d800 Uncommon trap: reason=unstable_if action=reinterpret pc=0x00000000045a8bf8 method=java.io.ObjectOutputStream$BlockDataOutputStream.writeBytes(Ljava/lang/String;)V @ 22

Classes redefined (0 events):
No events

Internal exceptions (10 events):
Event: 1773.412 Thread 0x0000000020897000 Exception <a 'sun/nio/fs/WindowsException'> (0x00000000e240dd88) thrown at [C:\src\AOSP-openjdk-git\hotspot\src\share\vm\prims\jni.cpp, line 710]
Event: 1787.304 Thread 0x0000000020896800 Exception <a 'sun/nio/fs/WindowsException'> (0x00000000f84494e0) thrown at [C:\src\AOSP-openjdk-git\hotspot\src\share\vm\prims\jni.cpp, line 710]
Event: 1787.566 Thread 0x000000002089f800 Exception <a 'sun/nio/fs/WindowsException'> (0x00000000e3e16150) thrown at [C:\src\AOSP-openjdk-git\hotspot\src\share\vm\prims\jni.cpp, line 710]
Event: 1787.669 Thread 0x0000000019a69800 Implicit null exception at 0x0000000003ea667f to 0x0000000003ea7d21
Event: 1787.962 Thread 0x0000000020897000 Exception <a 'java/lang/OutOfMemoryError'> (0x00000000e78d51d8) thrown at [C:\src\AOSP-openjdk-git\hotspot\src\share\vm\prims\jni.cpp, line 737]
Event: 1787.979 Thread 0x0000000020897000 Implicit null exception at 0x0000000003ea197f to 0x0000000003ea3021
Event: 1787.981 Thread 0x0000000019a69800 Exception <a 'java/lang/reflect/InvocationTargetException'> (0x00000000e612dd40) thrown at [C:\src\AOSP-openjdk-git\hotspot\src\share\vm\runtime\reflection.cpp, line 1092]
Event: 1787.988 Thread 0x000000001b53d800 Exception <a 'java/lang/NoSuchMethodError': <clinit>> (0x00000000e7d898a8) thrown at [C:\src\AOSP-openjdk-git\hotspot\src\share\vm\prims\jni.cpp, line 1615]
Event: 1787.992 Thread 0x000000001b53d800 Exception <a 'java/lang/NoSuchMethodError': <clinit>> (0x00000000e7d9b608) thrown at [C:\src\AOSP-openjdk-git\hotspot\src\share\vm\prims\jni.cpp, line 1615]
Event: 1787.992 Thread 0x000000001b536000 Implicit null exception at 0x000000000389ccba to 0x000000000389da25

Events (10 events):
Event: 1787.995 Thread 0x000000001789f800 flushing nmethod 0x0000000005facbd0
Event: 1787.995 Thread 0x000000001789f800 flushing nmethod 0x0000000006069310
Event: 1787.996 Thread 0x000000001789f800 flushing nmethod 0x0000000006455ad0
Event: 1787.996 Thread 0x000000001789f800 flushing nmethod 0x00000000064b0ed0
Event: 1787.996 Thread 0x000000001789f800 flushing nmethod 0x00000000064f4a10
Event: 1787.997 Thread 0x000000001789f800 flushing nmethod 0x000000000657fcd0
Event: 1787.997 Thread 0x000000001789f800 flushing nmethod 0x000000000662c110
Event: 1787.997 Thread 0x000000001789f800 flushing nmethod 0x000000000698e190
Event: 1787.998 Thread 0x000000001789f800 flushing nmethod 0x0000000006a3bbd0
Event: 1787.998 Thread 0x000000001789f800 flushing nmethod 0x0000000006aa9a90


Dynamic libraries:
0x00007ff754450000 - 0x00007ff754481000 	D:\Android\Android Studio\jre\bin\java.exe
0x00007ffc62290000 - 0x00007ffc62486000 	C:\Windows\SYSTEM32\ntdll.dll
0x00007ffc61270000 - 0x00007ffc6132d000 	C:\Windows\System32\KERNEL32.DLL
0x00007ffc5fd60000 - 0x00007ffc60029000 	C:\Windows\System32\KERNELBASE.dll
0x00007ffc61ec0000 - 0x00007ffc61f6c000 	C:\Windows\System32\ADVAPI32.dll
0x00007ffc60a20000 - 0x00007ffc60abe000 	C:\Windows\System32\msvcrt.dll
0x00007ffc61f70000 - 0x00007ffc6200c000 	C:\Windows\System32\sechost.dll
0x00007ffc607d0000 - 0x00007ffc608fb000 	C:\Windows\System32\RPCRT4.dll
0x00007ffc61520000 - 0x00007ffc616c0000 	C:\Windows\System32\USER32.dll
0x00007ffc602c0000 - 0x00007ffc602e2000 	C:\Windows\System32\win32u.dll
0x00007ffc606d0000 - 0x00007ffc606fa000 	C:\Windows\System32\GDI32.dll
0x00007ffc5fc20000 - 0x00007ffc5fd29000 	C:\Windows\System32\gdi32full.dll
0x00007ffc5fad0000 - 0x00007ffc5fb6d000 	C:\Windows\System32\msvcp_win.dll
0x00007ffc5f9d0000 - 0x00007ffc5fad0000 	C:\Windows\System32\ucrtbase.dll
0x00007ffc46c20000 - 0x00007ffc46ebb000 	C:\Windows\WinSxS\amd64_microsoft.windows.common-controls_6595b64144ccf1df_6.0.19041.488_none_ca04af081b815d21\COMCTL32.dll
0x00007ffc62220000 - 0x00007ffc62250000 	C:\Windows\System32\IMM32.DLL
0x0000000054930000 - 0x0000000054a02000 	D:\Android\Android Studio\jre\jre\bin\msvcr100.dll
0x00000000540e0000 - 0x000000005492b000 	D:\Android\Android Studio\jre\jre\bin\server\jvm.dll
0x00007ffc61510000 - 0x00007ffc61518000 	C:\Windows\System32\PSAPI.DLL
0x00007ffc5f490000 - 0x00007ffc5f49a000 	C:\Windows\SYSTEM32\VERSION.dll
0x00007ffc55690000 - 0x00007ffc556b7000 	C:\Windows\SYSTEM32\WINMM.dll
0x00007ffc43c90000 - 0x00007ffc43c99000 	C:\Windows\SYSTEM32\WSOCK32.dll
0x00007ffc61340000 - 0x00007ffc613ab000 	C:\Windows\System32\WS2_32.dll
0x00007ffc3bff0000 - 0x00007ffc3bfff000 	D:\Android\Android Studio\jre\jre\bin\verify.dll
0x00007ffc1c360000 - 0x00007ffc1c389000 	D:\Android\Android Studio\jre\jre\bin\java.dll
0x00007ffc1c340000 - 0x00007ffc1c356000 	D:\Android\Android Studio\jre\jre\bin\zip.dll
0x00007ffc61770000 - 0x00007ffc61eb2000 	C:\Windows\System32\SHELL32.dll
0x00007ffc5d920000 - 0x00007ffc5e0b5000 	C:\Windows\SYSTEM32\windows.storage.dll
0x00007ffc60370000 - 0x00007ffc606c6000 	C:\Windows\System32\combase.dll
0x00007ffc5f300000 - 0x00007ffc5f32c000 	C:\Windows\SYSTEM32\Wldp.dll
0x00007ffc60bf0000 - 0x00007ffc60c9e000 	C:\Windows\System32\SHCORE.dll
0x00007ffc60310000 - 0x00007ffc60365000 	C:\Windows\System32\shlwapi.dll
0x00007ffc5f900000 - 0x00007ffc5f926000 	C:\Windows\SYSTEM32\profapi.dll
0x00007ffc1c320000 - 0x00007ffc1c33a000 	D:\Android\Android Studio\jre\jre\bin\net.dll
0x00007ffc5f080000 - 0x00007ffc5f0ea000 	C:\Windows\system32\mswsock.dll
0x00007ffc1c300000 - 0x00007ffc1c313000 	D:\Android\Android Studio\jre\jre\bin\nio.dll
0x00007ffc43ca0000 - 0x00007ffc43cbe000 	C:\Users\Admin\.gradle\native\25\windows-amd64\native-platform.dll
0x00007ffc496a0000 - 0x00007ffc496ad000 	D:\Android\Android Studio\jre\jre\bin\management.dll
0x00007ffc5f260000 - 0x00007ffc5f278000 	C:\Windows\SYSTEM32\CRYPTSP.dll
0x00007ffc5ea10000 - 0x00007ffc5ea44000 	C:\Windows\system32\rsaenh.dll
0x00007ffc5fd30000 - 0x00007ffc5fd57000 	C:\Windows\System32\bcrypt.dll
0x00007ffc5f880000 - 0x00007ffc5f8ae000 	C:\Windows\SYSTEM32\USERENV.dll
0x00007ffc60090000 - 0x00007ffc60110000 	C:\Windows\System32\bcryptprimitives.dll
0x00007ffc5f250000 - 0x00007ffc5f25c000 	C:\Windows\SYSTEM32\CRYPTBASE.dll
0x00007ffc5ed70000 - 0x00007ffc5edab000 	C:\Windows\SYSTEM32\IPHLPAPI.DLL
0x00007ffc61330000 - 0x00007ffc61338000 	C:\Windows\System32\NSI.dll
0x00007ffc59b90000 - 0x00007ffc59ba7000 	C:\Windows\SYSTEM32\dhcpcsvc6.DLL
0x00007ffc59af0000 - 0x00007ffc59b0d000 	C:\Windows\SYSTEM32\dhcpcsvc.DLL
0x00007ffc5edb0000 - 0x00007ffc5ee7b000 	C:\Windows\SYSTEM32\DNSAPI.dll
0x00007ffc3c490000 - 0x00007ffc3c4b4000 	D:\Android\Android Studio\jre\jre\bin\sunec.dll
0x00007ffc584d0000 - 0x00007ffc584da000 	C:\Windows\System32\rasadhlp.dll
0x00007ffc58100000 - 0x00007ffc5817f000 	C:\Windows\System32\fwpuclnt.dll
0x00007ffc3c480000 - 0x00007ffc3c48b000 	D:\Android\Android Studio\jre\jre\bin\sunmscapi.dll
0x00007ffc60110000 - 0x00007ffc6026d000 	C:\Windows\System32\CRYPT32.dll

VM Arguments:
jvm_args: -Xmx1536m -Dfile.encoding=GBK -Duser.country=CN -Duser.language=zh -Duser.variant 
java_command: org.gradle.launcher.daemon.bootstrap.GradleDaemon 5.1.1
java_class_path (initial): C:\Users\Admin\.gradle\wrapper\dists\gradle-5.1.1-all\97z1ksx6lirer3kbvdnh7jtjg\gradle-5.1.1\lib\gradle-launcher-5.1.1.jar
Launcher Type: SUN_STANDARD

Environment Variables:
JAVA_HOME=D:\Android\Android Studio\jre
PATH=C:\Windows\system32;C:\Windows;C:\Windows\System32\Wbem;C:\Windows\System32\WindowsPowerShell\v1.0\;C:\Windows\System32\OpenSSH\;C:\Program Files\Git\cmd;C:\Users\Admin\AppData\Local\Microsoft\WindowsApps;D:\Android\Android Studio\jre\bin;C:\Users\Admin\Downloads\windows_apache-maven-3.0.5-bin\apache-maven-3.0.5\bin;C:\Users\Admin\Downloads\mysql-cluster-gpl-7.6.15-winx64\mysql-cluster-gpl-7.6.15-winx64\bin;
USERNAME=Admin
OS=Windows_NT
PROCESSOR_IDENTIFIER=Intel64 Family 6 Model 158 Stepping 11, GenuineIntel



---------------  S Y S T E M  ---------------

OS: Windows 10.0 , 64 bit Build 19041 (10.0.19041.662)

CPU:total 4 (initial active 4) (4 cores per cpu, 1 threads per core) family 6 model 158 stepping 11, cmov, cx8, fxsr, mmx, sse, sse2, sse3, ssse3, sse4.1, sse4.2, popcnt, avx, avx2, aes, clmul, erms, 3dnowpref, lzcnt, tsc, tscinvbit, bmi1, bmi2, adx

Memory: 4k page, physical 16721116k(3918300k free), swap 25109724k(3212k free)

vm_info: OpenJDK 64-Bit Server VM (25.242-b01) for windows-amd64 JRE (1.8.0_242-release-1644-b01), built by "builder" with MS VC++ 10.0 (VS2010)

time: Sat Jan 09 03:21:43 2021
timezone: 中国标准时间
elapsed time: 1788 seconds (0d 0h 29m 48s)

